Cannot assign VM (5-37) to any host.
? ╔chec de l'allocation de la VM svc2 (ID: 37)
Cannot assign VM (5-35) to any host.
? ╔chec de l'allocation de la VM svc0 (ID: 35)
Cannot assign VM (5-38) to any host.
? ╔chec de l'allocation de la VM svc3 (ID: 38)
Cannot assign VM (5-29) to any host.
? ╔chec de l'allocation de la VM app4 (ID: 29)
Cannot assign VM (5-30) to any host.
? ╔chec de l'allocation de la VM db0 (ID: 30)
Cannot assign VM (5-32) to any host.
? ╔chec de l'allocation de la VM db2 (ID: 32)
Cannot assign VM (5-36) to any host.
? ╔chec de l'allocation de la VM svc1 (ID: 36)
Cannot assign VM (5-31) to any host.
? ╔chec de l'allocation de la VM db1 (ID: 31)
Cannot assign VM (5-34) to any host.
? ╔chec de l'allocation de la VM db4 (ID: 34)
Cannot assign VM (5-20) to any host.
? ╔chec de l'allocation de la VM web0 (ID: 20)
Cannot assign VM (5-25) to any host.
? ╔chec de l'allocation de la VM app0 (ID: 25)
? N£ud introuvable pour l'ID : 25
?? N£ud introuvable pour l'ID : 20 (VM non allouķe ?)
? N£ud introuvable pour l'ID : 26
?? N£ud introuvable pour l'ID : 20 (VM non allouķe ?)
? N£ud introuvable pour l'ID : 26
? N£ud introuvable pour l'ID : 27
? N£ud introuvable pour l'ID : 27
? N£ud introuvable pour l'ID : 28
? N£ud introuvable pour l'ID : 28
? N£ud introuvable pour l'ID : 29
?? N£ud introuvable pour l'ID : 29 (VM non allouķe ?)
? N£ud introuvable pour l'ID : 24
? N£ud introuvable pour l'ID : 29
?? N£ud introuvable pour l'ID : 29 (VM non allouķe ?)
? N£ud introuvable pour l'ID : 24
? N£ud introuvable pour l'ID : 25
?? N£ud introuvable pour l'ID : 25 (VM non allouķe ?)
? N£ud introuvable pour l'ID : 25
? N£ud introuvable pour l'ID : 30
?? N£ud introuvable pour l'ID : 25 (VM non allouķe ?)
? N£ud introuvable pour l'ID : 25
? N£ud introuvable pour l'ID : 31
?? N£ud introuvable pour l'ID : 25 (VM non allouķe ?)
? N£ud introuvable pour l'ID : 26
? N£ud introuvable pour l'ID : 31
?? N£ud introuvable pour l'ID : 31 (VM non allouķe ?)
? N£ud introuvable pour l'ID : 26
? N£ud introuvable pour l'ID : 32
?? N£ud introuvable pour l'ID : 32 (VM non allouķe ?)
? N£ud introuvable pour l'ID : 27
? N£ud introuvable pour l'ID : 32
?? N£ud introuvable pour l'ID : 32 (VM non allouķe ?)
? N£ud introuvable pour l'ID : 27
? N£ud introuvable pour l'ID : 33
? N£ud introuvable pour l'ID : 28
? N£ud introuvable pour l'ID : 33
? N£ud introuvable pour l'ID : 28
? N£ud introuvable pour l'ID : 34
?? N£ud introuvable pour l'ID : 34 (VM non allouķe ?)
? N£ud introuvable pour l'ID : 29
? N£ud introuvable pour l'ID : 34
?? N£ud introuvable pour l'ID : 29 (VM non allouķe ?)
? N£ud introuvable pour l'ID : 29
? N£ud introuvable pour l'ID : 30
?? N£ud introuvable pour l'ID : 29 (VM non allouķe ?)
? N£ud introuvable pour l'ID : 30
? N£ud introuvable pour l'ID : 25
?? N£ud introuvable pour l'ID : 30 (VM non allouķe ?)
? N£ud introuvable pour l'ID : 30
? N£ud introuvable pour l'ID : 26
?? N£ud introuvable pour l'ID : 30 (VM non allouķe ?)
? N£ud introuvable pour l'ID : 31
? N£ud introuvable pour l'ID : 26
?? N£ud introuvable pour l'ID : 31 (VM non allouķe ?)
? N£ud introuvable pour l'ID : 31
? N£ud introuvable pour l'ID : 27
?? N£ud introuvable pour l'ID : 31 (VM non allouķe ?)
? N£ud introuvable pour l'ID : 32
? N£ud introuvable pour l'ID : 27
?? N£ud introuvable pour l'ID : 32 (VM non allouķe ?)
? N£ud introuvable pour l'ID : 32
? N£ud introuvable pour l'ID : 28
?? N£ud introuvable pour l'ID : 32 (VM non allouķe ?)
? N£ud introuvable pour l'ID : 33
? N£ud introuvable pour l'ID : 28
? N£ud introuvable pour l'ID : 33
? N£ud introuvable pour l'ID : 29
?? N£ud introuvable pour l'ID : 29 (VM non allouķe ?)
? N£ud introuvable pour l'ID : 34
? N£ud introuvable pour l'ID : 29
?? N£ud introuvable pour l'ID : 34 (VM non allouķe ?)
? N£ud introuvable pour l'ID : 34
? N£ud introuvable pour l'ID : 25
?? N£ud introuvable pour l'ID : 34 (VM non allouķe ?)
? N£ud introuvable pour l'ID : 25
?? N£ud introuvable pour l'ID : 25 (VM non allouķe ?)
? N£ud introuvable pour l'ID : 25
?? N£ud introuvable pour l'ID : 25 (VM non allouķe ?)
? N£ud introuvable pour l'ID : 26
? N£ud introuvable pour l'ID : 26
? N£ud introuvable pour l'ID : 27
? N£ud introuvable pour l'ID : 27
? N£ud introuvable pour l'ID : 28
? N£ud introuvable pour l'ID : 28
? N£ud introuvable pour l'ID : 24
? N£ud introuvable pour l'ID : 29
? N£ud introuvable pour l'ID : 24
?? N£ud introuvable pour l'ID : 29 (VM non allouķe ?)
? N£ud introuvable pour l'ID : 29
?? N£ud introuvable pour l'ID : 29 (VM non allouķe ?)
? N£ud introuvable pour l'ID : 25
? N£ud introuvable pour l'ID : 35
?? N£ud introuvable pour l'ID : 25 (VM non allouķe ?)
? N£ud introuvable pour l'ID : 26
? N£ud introuvable pour l'ID : 36
?? N£ud introuvable pour l'ID : 36 (VM non allouķe ?)
? N£ud introuvable pour l'ID : 27
? N£ud introuvable pour l'ID : 37
?? N£ud introuvable pour l'ID : 37 (VM non allouķe ?)
? N£ud introuvable pour l'ID : 28
? N£ud introuvable pour l'ID : 38
?? N£ud introuvable pour l'ID : 38 (VM non allouķe ?)
? N£ud introuvable pour l'ID : 29
? N£ud introuvable pour l'ID : 39
?? N£ud introuvable pour l'ID : 29 (VM non allouķe ?)
? N£ud introuvable pour l'ID : 35
? N£ud introuvable pour l'ID : 25
?? N£ud introuvable pour l'ID : 35 (VM non allouķe ?)
? N£ud introuvable pour l'ID : 36
? N£ud introuvable pour l'ID : 26
?? N£ud introuvable pour l'ID : 36 (VM non allouķe ?)
? N£ud introuvable pour l'ID : 37
? N£ud introuvable pour l'ID : 27
?? N£ud introuvable pour l'ID : 37 (VM non allouķe ?)
? N£ud introuvable pour l'ID : 38
? N£ud introuvable pour l'ID : 28
?? N£ud introuvable pour l'ID : 38 (VM non allouķe ?)
? N£ud introuvable pour l'ID : 39
? N£ud introuvable pour l'ID : 29
?? N£ud introuvable pour l'ID : 29 (VM non allouķe ?)
[ERROR] Source host not found for VM ID 20
? Workload ID 1 a ķchouķ (Tag FAILED).
[ERROR] Source host not found for VM ID 20
? Workload ID 2 a ķchouķ (Tag FAILED).
[ERROR] Source host not found for VM ID 20
? Workload ID 7 a ķchouķ (Tag FAILED).
[ERROR] Source host not found for VM ID 20
? Workload ID 13 a ķchouķ (Tag FAILED).
[ERROR] Source host not found for VM ID 20
? Workload ID 22 a ķchouķ (Tag FAILED).
? [checkCloudletCompletion] Aucune Request trouvķe pour Cloudlet ID 12
? [checkCloudletCompletion] Aucune Request trouvķe pour Cloudlet ID 16
? [checkCloudletCompletion] Aucune Request trouvķe pour Cloudlet ID 17
? [checkCloudletCompletion] Aucune Request trouvķe pour Cloudlet ID 20
? [checkCloudletCompletion] Aucune Request trouvķe pour Cloudlet ID 21
? [checkCloudletCompletion] Aucune Request trouvķe pour Cloudlet ID 6
? [checkCloudletCompletion] Aucune Request trouvķe pour Cloudlet ID 19
? [checkCloudletCompletion] Aucune Request trouvķe pour Cloudlet ID 5
? [checkCloudletCompletion] Aucune Request trouvķe pour Cloudlet ID 3
? [checkCloudletCompletion] Aucune Request trouvķe pour Cloudlet ID 0
? [checkCloudletCompletion] Aucune Request trouvķe pour Cloudlet ID 4
? [checkCloudletCompletion] Aucune Request trouvķe pour Cloudlet ID 11
? [checkCloudletCompletion] Aucune Request trouvķe pour Cloudlet ID 18
? [checkCloudletCompletion] Aucune Request trouvķe pour Cloudlet ID 15
? [checkCloudletCompletion] Aucune Request trouvķe pour Cloudlet ID 8
? [checkCloudletCompletion] Aucune Request trouvķe pour Cloudlet ID 9
? [checkCloudletCompletion] Aucune Request trouvķe pour Cloudlet ID 10
? [checkCloudletCompletion] Aucune Request trouvķe pour Cloudlet ID 14
Datacenter non trouvķ pour VM ID: 20
Datacenter non trouvķ pour VM ID: 20
[ERROR] Source host not found for VM ID 20
? Workload ID 23 a ķchouķ (Tag FAILED).
Datacenter non trouvķ pour VM ID: 20
Datacenter non trouvķ pour VM ID: 20
Datacenter non trouvķ pour VM ID: 20
Datacenter non trouvķ pour VM ID: 20
Datacenter non trouvķ pour VM ID: 20
Datacenter non trouvķ pour VM ID: 20
Datacenter non trouvķ pour VM ID: 20
Datacenter non trouvķ pour VM ID: 20
Datacenter non trouvķ pour VM ID: 20
Datacenter non trouvķ pour VM ID: 20
Datacenter non trouvķ pour VM ID: 20
Datacenter non trouvķ pour VM ID: 20
Datacenter non trouvķ pour VM ID: 20
Datacenter non trouvķ pour VM ID: 20
[ERROR] Source host not found for VM ID 20
? Workload ID 29 a ķchouķ (Tag FAILED).
Datacenter non trouvķ pour VM ID: 20
Datacenter non trouvķ pour VM ID: 20
Datacenter non trouvķ pour VM ID: 20
Datacenter non trouvķ pour VM ID: 20
Datacenter non trouvķ pour VM ID: 20
Datacenter non trouvķ pour VM ID: 20
Datacenter non trouvķ pour VM ID: 20
Datacenter non trouvķ pour VM ID: 20
[ERROR] Source host not found for VM ID 20
? Workload ID 30 a ķchouķ (Tag FAILED).
Datacenter non trouvķ pour VM ID: 20
Datacenter non trouvķ pour VM ID: 20
Datacenter non trouvķ pour VM ID: 20
Datacenter non trouvķ pour VM ID: 20
Datacenter non trouvķ pour VM ID: 20
Datacenter non trouvķ pour VM ID: 20
[ERROR] Source host not found for VM ID 20
? Workload ID 36 a ķchouķ (Tag FAILED).
Datacenter non trouvķ pour VM ID: 20
Datacenter non trouvķ pour VM ID: 20
Datacenter non trouvķ pour VM ID: 20
Datacenter non trouvķ pour VM ID: 20
[ERROR] Source host not found for VM ID 20
? Workload ID 41 a ķchouķ (Tag FAILED).
[ERROR] Source host not found for VM ID 20
? Workload ID 44 a ķchouķ (Tag FAILED).
[ERROR] Source host not found for VM ID 20
? Workload ID 50 a ķchouķ (Tag FAILED).
? [checkCloudletCompletion] Aucune Request trouvķe pour Cloudlet ID 39
? [checkCloudletCompletion] Aucune Request trouvķe pour Cloudlet ID 47
? [checkCloudletCompletion] Aucune Request trouvķe pour Cloudlet ID 33
? [checkCloudletCompletion] Aucune Request trouvķe pour Cloudlet ID 37
? [checkCloudletCompletion] Aucune Request trouvķe pour Cloudlet ID 40
? [checkCloudletCompletion] Aucune Request trouvķe pour Cloudlet ID 26
? [checkCloudletCompletion] Aucune Request trouvķe pour Cloudlet ID 38
? [checkCloudletCompletion] Aucune Request trouvķe pour Cloudlet ID 42
? [checkCloudletCompletion] Aucune Request trouvķe pour Cloudlet ID 43
? [checkCloudletCompletion] Aucune Request trouvķe pour Cloudlet ID 31
? [checkCloudletCompletion] Aucune Request trouvķe pour Cloudlet ID 35
? [checkCloudletCompletion] Aucune Request trouvķe pour Cloudlet ID 46
? [checkCloudletCompletion] Aucune Request trouvķe pour Cloudlet ID 49
? [checkCloudletCompletion] Aucune Request trouvķe pour Cloudlet ID 24
? [checkCloudletCompletion] Aucune Request trouvķe pour Cloudlet ID 27
? [checkCloudletCompletion] Aucune Request trouvķe pour Cloudlet ID 34
? [checkCloudletCompletion] Aucune Request trouvķe pour Cloudlet ID 25
? [checkCloudletCompletion] Aucune Request trouvķe pour Cloudlet ID 45
? [checkCloudletCompletion] Aucune Request trouvķe pour Cloudlet ID 48
? [checkCloudletCompletion] Aucune Request trouvķe pour Cloudlet ID 28
? [checkCloudletCompletion] Aucune Request trouvķe pour Cloudlet ID 32
[ERROR] Source host not found for VM ID 20
? Workload ID 51 a ķchouķ (Tag FAILED).
Datacenter non trouvķ pour VM ID: 20
Datacenter non trouvķ pour VM ID: 20
Datacenter non trouvķ pour VM ID: 20
Datacenter non trouvķ pour VM ID: 20
Datacenter non trouvķ pour VM ID: 20
Datacenter non trouvķ pour VM ID: 20
[ERROR] Source host not found for VM ID 20
? Workload ID 53 a ķchouķ (Tag FAILED).
Datacenter non trouvķ pour VM ID: 20
Datacenter non trouvķ pour VM ID: 20
Datacenter non trouvķ pour VM ID: 20
Datacenter non trouvķ pour VM ID: 20
Datacenter non trouvķ pour VM ID: 20
Datacenter non trouvķ pour VM ID: 20
Datacenter non trouvķ pour VM ID: 20
Datacenter non trouvķ pour VM ID: 20
Datacenter non trouvķ pour VM ID: 20
Datacenter non trouvķ pour VM ID: 20
Datacenter non trouvķ pour VM ID: 20
Datacenter non trouvķ pour VM ID: 20
Datacenter non trouvķ pour VM ID: 20
Datacenter non trouvķ pour VM ID: 20
Datacenter non trouvķ pour VM ID: 20
Datacenter non trouvķ pour VM ID: 20
Datacenter non trouvķ pour VM ID: 20
Datacenter non trouvķ pour VM ID: 20
Datacenter non trouvķ pour VM ID: 20
Datacenter non trouvķ pour VM ID: 20
Datacenter non trouvķ pour VM ID: 20
Datacenter non trouvķ pour VM ID: 20
Datacenter non trouvķ pour VM ID: 20
Datacenter non trouvķ pour VM ID: 20
Datacenter non trouvķ pour VM ID: 20
Datacenter non trouvķ pour VM ID: 20
Datacenter non trouvķ pour VM ID: 20
Datacenter non trouvķ pour VM ID: 20
Datacenter non trouvķ pour VM ID: 20
Datacenter non trouvķ pour VM ID: 20
Datacenter non trouvķ pour VM ID: 20
Datacenter non trouvķ pour VM ID: 20
Datacenter non trouvķ pour VM ID: 20
Datacenter non trouvķ pour VM ID: 20
Datacenter non trouvķ pour VM ID: 20
Datacenter non trouvķ pour VM ID: 20
Datacenter non trouvķ pour VM ID: 20
Datacenter non trouvķ pour VM ID: 20
Datacenter non trouvķ pour VM ID: 20
Datacenter non trouvķ pour VM ID: 20
Datacenter non trouvķ pour VM ID: 20
Datacenter non trouvķ pour VM ID: 20
[ERROR] Source host not found for VM ID 20
? Workload ID 61 a ķchouķ (Tag FAILED).
[ERROR] Source host not found for VM ID 20
? Workload ID 63 a ķchouķ (Tag FAILED).
[ERROR] Source host not found for VM ID 20
? Workload ID 70 a ķchouķ (Tag FAILED).
[ERROR] Source host not found for VM ID 20
? Workload ID 72 a ķchouķ (Tag FAILED).
? [checkCloudletCompletion] Aucune Request trouvķe pour Cloudlet ID 67
? [checkCloudletCompletion] Aucune Request trouvķe pour Cloudlet ID 52
? [checkCloudletCompletion] Aucune Request trouvķe pour Cloudlet ID 65
? [checkCloudletCompletion] Aucune Request trouvķe pour Cloudlet ID 68
? [checkCloudletCompletion] Aucune Request trouvķe pour Cloudlet ID 71
? [checkCloudletCompletion] Aucune Request trouvķe pour Cloudlet ID 69
? [checkCloudletCompletion] Aucune Request trouvķe pour Cloudlet ID 59
? [checkCloudletCompletion] Aucune Request trouvķe pour Cloudlet ID 62
? [checkCloudletCompletion] Aucune Request trouvķe pour Cloudlet ID 54
? [checkCloudletCompletion] Aucune Request trouvķe pour Cloudlet ID 57
? [checkCloudletCompletion] Aucune Request trouvķe pour Cloudlet ID 55
? [checkCloudletCompletion] Aucune Request trouvķe pour Cloudlet ID 56
? [checkCloudletCompletion] Aucune Request trouvķe pour Cloudlet ID 58
? [checkCloudletCompletion] Aucune Request trouvķe pour Cloudlet ID 60
? [checkCloudletCompletion] Aucune Request trouvķe pour Cloudlet ID 64
? [checkCloudletCompletion] Aucune Request trouvķe pour Cloudlet ID 66
Datacenter non trouvķ pour VM ID: 20
Datacenter non trouvķ pour VM ID: 20
Datacenter non trouvķ pour VM ID: 20
Datacenter non trouvķ pour VM ID: 20
Datacenter non trouvķ pour VM ID: 20
Datacenter non trouvķ pour VM ID: 20
Datacenter non trouvķ pour VM ID: 20
Datacenter non trouvķ pour VM ID: 20
Datacenter non trouvķ pour VM ID: 20
Datacenter non trouvķ pour VM ID: 20
Datacenter non trouvķ pour VM ID: 20
Datacenter non trouvķ pour VM ID: 20
Datacenter non trouvķ pour VM ID: 20
Datacenter non trouvķ pour VM ID: 20
Datacenter non trouvķ pour VM ID: 20
Datacenter non trouvķ pour VM ID: 20
Datacenter non trouvķ pour VM ID: 20
Datacenter non trouvķ pour VM ID: 20
Datacenter non trouvķ pour VM ID: 20
Datacenter non trouvķ pour VM ID: 20
Datacenter non trouvķ pour VM ID: 20
Datacenter non trouvķ pour VM ID: 20
Datacenter non trouvķ pour VM ID: 20
Datacenter non trouvķ pour VM ID: 20
Datacenter non trouvķ pour VM ID: 20
Datacenter non trouvķ pour VM ID: 20
Datacenter non trouvķ pour VM ID: 20
Datacenter non trouvķ pour VM ID: 20
Datacenter non trouvķ pour VM ID: 20
Datacenter non trouvķ pour VM ID: 20
Datacenter non trouvķ pour VM ID: 20
Datacenter non trouvķ pour VM ID: 20
Datacenter non trouvķ pour VM ID: 20
Datacenter non trouvķ pour VM ID: 20
Datacenter non trouvķ pour VM ID: 20
Datacenter non trouvķ pour VM ID: 20
Datacenter non trouvķ pour VM ID: 20
Datacenter non trouvķ pour VM ID: 20
[ERROR] Source host not found for VM ID 20
? Workload ID 85 a ķchouķ (Tag FAILED).
[ERROR] Source host not found for VM ID 20
? Workload ID 94 a ķchouķ (Tag FAILED).
? [checkCloudletCompletion] Aucune Request trouvķe pour Cloudlet ID 84
? [checkCloudletCompletion] Aucune Request trouvķe pour Cloudlet ID 89
? [checkCloudletCompletion] Aucune Request trouvķe pour Cloudlet ID 95
? [checkCloudletCompletion] Aucune Request trouvķe pour Cloudlet ID 77
? [checkCloudletCompletion] Aucune Request trouvķe pour Cloudlet ID 78
? [checkCloudletCompletion] Aucune Request trouvķe pour Cloudlet ID 86
? [checkCloudletCompletion] Aucune Request trouvķe pour Cloudlet ID 96
? [checkCloudletCompletion] Aucune Request trouvķe pour Cloudlet ID 73
? [checkCloudletCompletion] Aucune Request trouvķe pour Cloudlet ID 80
? [checkCloudletCompletion] Aucune Request trouvķe pour Cloudlet ID 88
? [checkCloudletCompletion] Aucune Request trouvķe pour Cloudlet ID 81
? [checkCloudletCompletion] Aucune Request trouvķe pour Cloudlet ID 74
? [checkCloudletCompletion] Aucune Request trouvķe pour Cloudlet ID 76
? [checkCloudletCompletion] Aucune Request trouvķe pour Cloudlet ID 92
? [checkCloudletCompletion] Aucune Request trouvķe pour Cloudlet ID 97
? [checkCloudletCompletion] Aucune Request trouvķe pour Cloudlet ID 75
? [checkCloudletCompletion] Aucune Request trouvķe pour Cloudlet ID 83
? [checkCloudletCompletion] Aucune Request trouvķe pour Cloudlet ID 90
? [checkCloudletCompletion] Aucune Request trouvķe pour Cloudlet ID 93
? [checkCloudletCompletion] Aucune Request trouvķe pour Cloudlet ID 82
? [checkCloudletCompletion] Aucune Request trouvķe pour Cloudlet ID 91
? [checkCloudletCompletion] Aucune Request trouvķe pour Cloudlet ID 79
? [checkCloudletCompletion] Aucune Request trouvķe pour Cloudlet ID 87
Datacenter non trouvķ pour VM ID: 20
Datacenter non trouvķ pour VM ID: 20
Datacenter non trouvķ pour VM ID: 20
Datacenter non trouvķ pour VM ID: 20
Datacenter non trouvķ pour VM ID: 20
Datacenter non trouvķ pour VM ID: 20
[ERROR] Source host not found for VM ID 20
? Workload ID 100 a ķchouķ (Tag FAILED).
[ERROR] Source host not found for VM ID 20
? Workload ID 102 a ķchouķ (Tag FAILED).
Datacenter non trouvķ pour VM ID: 20
Datacenter non trouvķ pour VM ID: 20
[ERROR] Source host not found for VM ID 20
? Workload ID 106 a ķchouķ (Tag FAILED).
Datacenter non trouvķ pour VM ID: 20
Datacenter non trouvķ pour VM ID: 20
Datacenter non trouvķ pour VM ID: 20
Datacenter non trouvķ pour VM ID: 20
[ERROR] Source host not found for VM ID 20
? Workload ID 110 a ķchouķ (Tag FAILED).
[ERROR] Source host not found for VM ID 20
? Workload ID 120 a ķchouķ (Tag FAILED).
[ERROR] Source host not found for VM ID 20
? Workload ID 121 a ķchouķ (Tag FAILED).
? [checkCloudletCompletion] Aucune Request trouvķe pour Cloudlet ID 101
? [checkCloudletCompletion] Aucune Request trouvķe pour Cloudlet ID 109
? [checkCloudletCompletion] Aucune Request trouvķe pour Cloudlet ID 111
? [checkCloudletCompletion] Aucune Request trouvķe pour Cloudlet ID 104
? [checkCloudletCompletion] Aucune Request trouvķe pour Cloudlet ID 107
? [checkCloudletCompletion] Aucune Request trouvķe pour Cloudlet ID 113
? [checkCloudletCompletion] Aucune Request trouvķe pour Cloudlet ID 115
? [checkCloudletCompletion] Aucune Request trouvķe pour Cloudlet ID 119
? [checkCloudletCompletion] Aucune Request trouvķe pour Cloudlet ID 122
? [checkCloudletCompletion] Aucune Request trouvķe pour Cloudlet ID 105
? [checkCloudletCompletion] Aucune Request trouvķe pour Cloudlet ID 99
? [checkCloudletCompletion] Aucune Request trouvķe pour Cloudlet ID 103
? [checkCloudletCompletion] Aucune Request trouvķe pour Cloudlet ID 112
? [checkCloudletCompletion] Aucune Request trouvķe pour Cloudlet ID 98
? [checkCloudletCompletion] Aucune Request trouvķe pour Cloudlet ID 114
? [checkCloudletCompletion] Aucune Request trouvķe pour Cloudlet ID 108
? [checkCloudletCompletion] Aucune Request trouvķe pour Cloudlet ID 116
? [checkCloudletCompletion] Aucune Request trouvķe pour Cloudlet ID 117
? [checkCloudletCompletion] Aucune Request trouvķe pour Cloudlet ID 118
Datacenter non trouvķ pour VM ID: 20
Datacenter non trouvķ pour VM ID: 20
Datacenter non trouvķ pour VM ID: 20
Datacenter non trouvķ pour VM ID: 20
Datacenter non trouvķ pour VM ID: 20
Datacenter non trouvķ pour VM ID: 20
Datacenter non trouvķ pour VM ID: 20
Datacenter non trouvķ pour VM ID: 20
Datacenter non trouvķ pour VM ID: 20
Datacenter non trouvķ pour VM ID: 20
Datacenter non trouvķ pour VM ID: 20
Datacenter non trouvķ pour VM ID: 20
Datacenter non trouvķ pour VM ID: 20
Datacenter non trouvķ pour VM ID: 20
Datacenter non trouvķ pour VM ID: 20
Datacenter non trouvķ pour VM ID: 20
Datacenter non trouvķ pour VM ID: 20
Datacenter non trouvķ pour VM ID: 20
[ERROR] Source host not found for VM ID 20
? Workload ID 126 a ķchouķ (Tag FAILED).
[ERROR] Source host not found for VM ID 20
? Workload ID 127 a ķchouķ (Tag FAILED).
Datacenter non trouvķ pour VM ID: 20
Datacenter non trouvķ pour VM ID: 20
Datacenter non trouvķ pour VM ID: 20
Datacenter non trouvķ pour VM ID: 20
Datacenter non trouvķ pour VM ID: 20
Datacenter non trouvķ pour VM ID: 20
Datacenter non trouvķ pour VM ID: 20
Datacenter non trouvķ pour VM ID: 20
Datacenter non trouvķ pour VM ID: 20
Datacenter non trouvķ pour VM ID: 20
Datacenter non trouvķ pour VM ID: 20
Datacenter non trouvķ pour VM ID: 20
Datacenter non trouvķ pour VM ID: 20
Datacenter non trouvķ pour VM ID: 20
Datacenter non trouvķ pour VM ID: 20
Datacenter non trouvķ pour VM ID: 20
Datacenter non trouvķ pour VM ID: 20
Datacenter non trouvķ pour VM ID: 20
[ERROR] Source host not found for VM ID 20
? Workload ID 131 a ķchouķ (Tag FAILED).
[ERROR] Source host not found for VM ID 20
? Workload ID 132 a ķchouķ (Tag FAILED).
[ERROR] Source host not found for VM ID 20
? Workload ID 135 a ķchouķ (Tag FAILED).
[ERROR] Source host not found for VM ID 20
? Workload ID 136 a ķchouķ (Tag FAILED).
[ERROR] Source host not found for VM ID 20
? Workload ID 139 a ķchouķ (Tag FAILED).
[ERROR] Source host not found for VM ID 20
? Workload ID 144 a ķchouķ (Tag FAILED).
[ERROR] Source host not found for VM ID 20
? Workload ID 145 a ķchouķ (Tag FAILED).
? [checkCloudletCompletion] Aucune Request trouvķe pour Cloudlet ID 124
? [checkCloudletCompletion] Aucune Request trouvķe pour Cloudlet ID 141
? [checkCloudletCompletion] Aucune Request trouvķe pour Cloudlet ID 143
? [checkCloudletCompletion] Aucune Request trouvķe pour Cloudlet ID 130
? [checkCloudletCompletion] Aucune Request trouvķe pour Cloudlet ID 134
? [checkCloudletCompletion] Aucune Request trouvķe pour Cloudlet ID 123
? [checkCloudletCompletion] Aucune Request trouvķe pour Cloudlet ID 140
? [checkCloudletCompletion] Aucune Request trouvķe pour Cloudlet ID 142
? [checkCloudletCompletion] Aucune Request trouvķe pour Cloudlet ID 128
? [checkCloudletCompletion] Aucune Request trouvķe pour Cloudlet ID 138
? [checkCloudletCompletion] Aucune Request trouvķe pour Cloudlet ID 125
? [checkCloudletCompletion] Aucune Request trouvķe pour Cloudlet ID 129
? [checkCloudletCompletion] Aucune Request trouvķe pour Cloudlet ID 133
? [checkCloudletCompletion] Aucune Request trouvķe pour Cloudlet ID 137
[ERROR] Source host not found for VM ID 20
? Workload ID 146 a ķchouķ (Tag FAILED).
Datacenter non trouvķ pour VM ID: 20
Datacenter non trouvķ pour VM ID: 20
Datacenter non trouvķ pour VM ID: 20
Datacenter non trouvķ pour VM ID: 20
Datacenter non trouvķ pour VM ID: 20
Datacenter non trouvķ pour VM ID: 20
Datacenter non trouvķ pour VM ID: 20
Datacenter non trouvķ pour VM ID: 20
Datacenter non trouvķ pour VM ID: 20
Datacenter non trouvķ pour VM ID: 20
Datacenter non trouvķ pour VM ID: 20
Datacenter non trouvķ pour VM ID: 20
Datacenter non trouvķ pour VM ID: 20
Datacenter non trouvķ pour VM ID: 20
Datacenter non trouvķ pour VM ID: 20
Datacenter non trouvķ pour VM ID: 20
Datacenter non trouvķ pour VM ID: 20
Datacenter non trouvķ pour VM ID: 20
Datacenter non trouvķ pour VM ID: 20
Datacenter non trouvķ pour VM ID: 20
Datacenter non trouvķ pour VM ID: 20
Datacenter non trouvķ pour VM ID: 20
[ERROR] Source host not found for VM ID 20
? Workload ID 148 a ķchouķ (Tag FAILED).
Datacenter non trouvķ pour VM ID: 20
Datacenter non trouvķ pour VM ID: 20
Datacenter non trouvķ pour VM ID: 20
Datacenter non trouvķ pour VM ID: 20
[ERROR] Source host not found for VM ID 20
? Workload ID 150 a ķchouķ (Tag FAILED).
Datacenter non trouvķ pour VM ID: 20
Datacenter non trouvķ pour VM ID: 20
Datacenter non trouvķ pour VM ID: 20
Datacenter non trouvķ pour VM ID: 20
Datacenter non trouvķ pour VM ID: 20
Datacenter non trouvķ pour VM ID: 20
[ERROR] Source host not found for VM ID 20
? Workload ID 151 a ķchouķ (Tag FAILED).
[ERROR] Source host not found for VM ID 20
? Workload ID 152 a ķchouķ (Tag FAILED).
Datacenter non trouvķ pour VM ID: 20
Datacenter non trouvķ pour VM ID: 20
Datacenter non trouvķ pour VM ID: 20
Datacenter non trouvķ pour VM ID: 20
Datacenter non trouvķ pour VM ID: 20
Datacenter non trouvķ pour VM ID: 20
Datacenter non trouvķ pour VM ID: 20
Datacenter non trouvķ pour VM ID: 20
Datacenter non trouvķ pour VM ID: 20
Datacenter non trouvķ pour VM ID: 20
Datacenter non trouvķ pour VM ID: 20
Datacenter non trouvķ pour VM ID: 20
Datacenter non trouvķ pour VM ID: 20
Datacenter non trouvķ pour VM ID: 20
Datacenter non trouvķ pour VM ID: 20
Datacenter non trouvķ pour VM ID: 20
Datacenter non trouvķ pour VM ID: 20
Datacenter non trouvķ pour VM ID: 20
Datacenter non trouvķ pour VM ID: 20
Datacenter non trouvķ pour VM ID: 20
Datacenter non trouvķ pour VM ID: 20
Datacenter non trouvķ pour VM ID: 20
Datacenter non trouvķ pour VM ID: 20
Datacenter non trouvķ pour VM ID: 20
Datacenter non trouvķ pour VM ID: 20
Datacenter non trouvķ pour VM ID: 20
Datacenter non trouvķ pour VM ID: 20
Datacenter non trouvķ pour VM ID: 20
[ERROR] Source host not found for VM ID 20
? Workload ID 156 a ķchouķ (Tag FAILED).
[ERROR] Source host not found for VM ID 20
? Workload ID 158 a ķchouķ (Tag FAILED).
[ERROR] Source host not found for VM ID 20
? Workload ID 170 a ķchouķ (Tag FAILED).
[ERROR] Source host not found for VM ID 20
? Workload ID 171 a ķchouķ (Tag FAILED).
? [checkCloudletCompletion] Aucune Request trouvķe pour Cloudlet ID 160
? [checkCloudletCompletion] Aucune Request trouvķe pour Cloudlet ID 147
? [checkCloudletCompletion] Aucune Request trouvķe pour Cloudlet ID 153
? [checkCloudletCompletion] Aucune Request trouvķe pour Cloudlet ID 159
? [checkCloudletCompletion] Aucune Request trouvķe pour Cloudlet ID 161
? [checkCloudletCompletion] Aucune Request trouvķe pour Cloudlet ID 167
? [checkCloudletCompletion] Aucune Request trouvķe pour Cloudlet ID 169
? [checkCloudletCompletion] Aucune Request trouvķe pour Cloudlet ID 155
? [checkCloudletCompletion] Aucune Request trouvķe pour Cloudlet ID 164
? [checkCloudletCompletion] Aucune Request trouvķe pour Cloudlet ID 166
? [checkCloudletCompletion] Aucune Request trouvķe pour Cloudlet ID 168
? [checkCloudletCompletion] Aucune Request trouvķe pour Cloudlet ID 163
? [checkCloudletCompletion] Aucune Request trouvķe pour Cloudlet ID 165
? [checkCloudletCompletion] Aucune Request trouvķe pour Cloudlet ID 149
? [checkCloudletCompletion] Aucune Request trouvķe pour Cloudlet ID 154
? [checkCloudletCompletion] Aucune Request trouvķe pour Cloudlet ID 157
? [checkCloudletCompletion] Aucune Request trouvķe pour Cloudlet ID 162
Datacenter non trouvķ pour VM ID: 20
Datacenter non trouvķ pour VM ID: 20
Datacenter non trouvķ pour VM ID: 20
Datacenter non trouvķ pour VM ID: 20
Datacenter non trouvķ pour VM ID: 20
Datacenter non trouvķ pour VM ID: 20
Datacenter non trouvķ pour VM ID: 20
Datacenter non trouvķ pour VM ID: 20
Datacenter non trouvķ pour VM ID: 20
Datacenter non trouvķ pour VM ID: 20
Datacenter non trouvķ pour VM ID: 20
Datacenter non trouvķ pour VM ID: 20
Datacenter non trouvķ pour VM ID: 20
Datacenter non trouvķ pour VM ID: 20
Datacenter non trouvķ pour VM ID: 20
Datacenter non trouvķ pour VM ID: 20
Datacenter non trouvķ pour VM ID: 20
Datacenter non trouvķ pour VM ID: 20
Datacenter non trouvķ pour VM ID: 20
Datacenter non trouvķ pour VM ID: 20
Datacenter non trouvķ pour VM ID: 20
Datacenter non trouvķ pour VM ID: 20
Datacenter non trouvķ pour VM ID: 20
Datacenter non trouvķ pour VM ID: 20
[ERROR] Source host not found for VM ID 20
? Workload ID 176 a ķchouķ (Tag FAILED).
Datacenter non trouvķ pour VM ID: 20
Datacenter non trouvķ pour VM ID: 20
Datacenter non trouvķ pour VM ID: 20
Datacenter non trouvķ pour VM ID: 20
Datacenter non trouvķ pour VM ID: 20
Datacenter non trouvķ pour VM ID: 20
Datacenter non trouvķ pour VM ID: 20
Datacenter non trouvķ pour VM ID: 20
[ERROR] Source host not found for VM ID 20
? Workload ID 177 a ķchouķ (Tag FAILED).
[ERROR] Source host not found for VM ID 20
? Workload ID 178 a ķchouķ (Tag FAILED).
Datacenter non trouvķ pour VM ID: 20
Datacenter non trouvķ pour VM ID: 20
Datacenter non trouvķ pour VM ID: 20
Datacenter non trouvķ pour VM ID: 20
Datacenter non trouvķ pour VM ID: 20
Datacenter non trouvķ pour VM ID: 20
Datacenter non trouvķ pour VM ID: 20
Datacenter non trouvķ pour VM ID: 20
Datacenter non trouvķ pour VM ID: 20
Datacenter non trouvķ pour VM ID: 20
Datacenter non trouvķ pour VM ID: 20
Datacenter non trouvķ pour VM ID: 20
Datacenter non trouvķ pour VM ID: 20
Datacenter non trouvķ pour VM ID: 20
Datacenter non trouvķ pour VM ID: 20
Datacenter non trouvķ pour VM ID: 20
Datacenter non trouvķ pour VM ID: 20
Datacenter non trouvķ pour VM ID: 20
Datacenter non trouvķ pour VM ID: 20
Datacenter non trouvķ pour VM ID: 20
Datacenter non trouvķ pour VM ID: 20
Datacenter non trouvķ pour VM ID: 20
[ERROR] Source host not found for VM ID 20
? Workload ID 185 a ķchouķ (Tag FAILED).
[ERROR] Source host not found for VM ID 20
? Workload ID 188 a ķchouķ (Tag FAILED).
[ERROR] Source host not found for VM ID 20
? Workload ID 195 a ķchouķ (Tag FAILED).
? [checkCloudletCompletion] Aucune Request trouvķe pour Cloudlet ID 186
? [checkCloudletCompletion] Aucune Request trouvķe pour Cloudlet ID 189
? [checkCloudletCompletion] Aucune Request trouvķe pour Cloudlet ID 180
? [checkCloudletCompletion] Aucune Request trouvķe pour Cloudlet ID 175
? [checkCloudletCompletion] Aucune Request trouvķe pour Cloudlet ID 182
? [checkCloudletCompletion] Aucune Request trouvķe pour Cloudlet ID 174
? [checkCloudletCompletion] Aucune Request trouvķe pour Cloudlet ID 187
? [checkCloudletCompletion] Aucune Request trouvķe pour Cloudlet ID 190
? [checkCloudletCompletion] Aucune Request trouvķe pour Cloudlet ID 192
? [checkCloudletCompletion] Aucune Request trouvķe pour Cloudlet ID 194
? [checkCloudletCompletion] Aucune Request trouvķe pour Cloudlet ID 197
? [checkCloudletCompletion] Aucune Request trouvķe pour Cloudlet ID 181
? [checkCloudletCompletion] Aucune Request trouvķe pour Cloudlet ID 191
? [checkCloudletCompletion] Aucune Request trouvķe pour Cloudlet ID 172
? [checkCloudletCompletion] Aucune Request trouvķe pour Cloudlet ID 184
? [checkCloudletCompletion] Aucune Request trouvķe pour Cloudlet ID 193
? [checkCloudletCompletion] Aucune Request trouvķe pour Cloudlet ID 196
? [checkCloudletCompletion] Aucune Request trouvķe pour Cloudlet ID 173
? [checkCloudletCompletion] Aucune Request trouvķe pour Cloudlet ID 179
? [checkCloudletCompletion] Aucune Request trouvķe pour Cloudlet ID 183
Datacenter non trouvķ pour VM ID: 20
Datacenter non trouvķ pour VM ID: 20
Datacenter non trouvķ pour VM ID: 20
Datacenter non trouvķ pour VM ID: 20
Datacenter non trouvķ pour VM ID: 20
Datacenter non trouvķ pour VM ID: 20
Datacenter non trouvķ pour VM ID: 20
Datacenter non trouvķ pour VM ID: 20
Datacenter non trouvķ pour VM ID: 20
Datacenter non trouvķ pour VM ID: 20
Datacenter non trouvķ pour VM ID: 20
Datacenter non trouvķ pour VM ID: 20
Datacenter non trouvķ pour VM ID: 20
Datacenter non trouvķ pour VM ID: 20
Datacenter non trouvķ pour VM ID: 20
Datacenter non trouvķ pour VM ID: 20
Datacenter non trouvķ pour VM ID: 20
Datacenter non trouvķ pour VM ID: 20
Datacenter non trouvķ pour VM ID: 20
Datacenter non trouvķ pour VM ID: 20
Datacenter non trouvķ pour VM ID: 20
Datacenter non trouvķ pour VM ID: 20
Datacenter non trouvķ pour VM ID: 20
Datacenter non trouvķ pour VM ID: 20
Datacenter non trouvķ pour VM ID: 20
Datacenter non trouvķ pour VM ID: 20
Datacenter non trouvķ pour VM ID: 20
Datacenter non trouvķ pour VM ID: 20
Datacenter non trouvķ pour VM ID: 20
Datacenter non trouvķ pour VM ID: 20
Datacenter non trouvķ pour VM ID: 20
Datacenter non trouvķ pour VM ID: 20
Datacenter non trouvķ pour VM ID: 20
Datacenter non trouvķ pour VM ID: 20
Datacenter non trouvķ pour VM ID: 20
Datacenter non trouvķ pour VM ID: 20
? [checkCloudletCompletion] Aucune Request trouvķe pour Cloudlet ID 198
? [checkCloudletCompletion] Aucune Request trouvķe pour Cloudlet ID 199
